#
# A fatal error has been detected by the Java Runtime Environment:
#
#  EXCEPTION_ACCESS_VIOLATION (0xc0000005) at pc=0x000000006c25d279, pid=7052, tid=7808
#
# JRE version: Java(TM) SE Runtime Environment (8.0_31-b13) (build 1.8.0_31-b13)
# Java VM: Java HotSpot(TM) 64-Bit Server VM (25.31-b07 mixed mode windows-amd64 compressed oops)
# Problematic frame:
# V  [jvm.dll+0x49d279]
#
# Failed to write core dump. Minidumps are not enabled by default on client versions of Windows
#
# If you would like to submit a bug report, please visit:
#   http://bugreport.java.com/bugreport/crash.jsp
#

---------------  T H R E A D  ---------------

Current thread (0x000000001d462800):  JavaThread "C2 CompilerThread2" daemon [_thread_in_native, id=7808, stack(0x000000001f590000,0x000000001f690000)]

siginfo: ExceptionCode=0xc0000005, reading address 0xffffffffffffffff

Registers:
RAX=0x00000000202c55f8, RBX=0x7f000000202c56f8, RCX=0x0000000000002851, RDX=0x0000000000000142
RSP=0x000000001f68bb30, RBP=0x000000001f68bfc0, RSI=0x000000001f68bfe0, RDI=0x000000001f68bbf8
R8 =0x0000000000020000, R9 =0x0000000000000000, R10=0x0000000020d12760, R11=0x0000000000000000
R12=0x000000001f68bbd8, R13=0x0000000000000010, R14=0x00000000202c55a8, R15=0x0000000000000002
RIP=0x000000006c25d279, EFLAGS=0x0000000000010202

Top of Stack: (sp=0x000000001f68bb30)
0x000000001f68bb30:   00000000208868e0 0000000000000018
0x000000001f68bb40:   000000001f68bbf8 000000001f68bbd8
0x000000001f68bb50:   0000000000000020 000000001d459980
0x000000001f68bb60:   0000000000000000 0000000000000002
0x000000001f68bb70:   000000001d4e8f00 0000000022146d00
0x000000001f68bb80:   000000001d459980 000000001f68bfc0
0x000000001f68bb90:   000000001f68bca0 000000006c25f477
0x000000001f68bba0:   000000001f68bfc0 000000001f68bbf8
0x000000001f68bbb0:   0000000000000003 000000001f68bc48
0x000000001f68bbc0:   0000000022146d50 000000002214ece8
0x000000001f68bbd0:   000000000012d588 000000001d459980
0x000000001f68bbe0:   0000000000000200 0000000020726cb0
0x000000001f68bbf0:   000000000000018d 000000006c406e58
0x000000001f68bc00:   000000001d459980 0000000000000400
0x000000001f68bc10:   0000000020725cb0 000000000000004c
0x000000001f68bc20:   0000000022146d00 000000001d459980 

Instructions: (pc=0x000000006c25d279)
0x000000006c25d259:   00 00 0f 1f 44 00 00 49 8b 46 08 41 ff c7 49 83
0x000000006c25d269:   c5 08 49 8b 5c 05 f8 48 85 db 0f 84 d3 00 00 00
0x000000006c25d279:   48 8b 03 48 8b cb ff 90 b0 00 00 00 84 c0 74 37
0x000000006c25d289:   48 8b 03 48 8b cb ff 50 10 84 c0 75 2a 48 8b 43 


Register to memory mapping:

RAX=0x00000000202c55f8 is an unknown value
RBX=0x7f000000202c56f8 is an unknown value
RCX=0x0000000000002851 is an unknown value
RDX=0x0000000000000142 is an unknown value
RSP=0x000000001f68bb30 is pointing into the stack for thread: 0x000000001d462800
RBP=0x000000001f68bfc0 is pointing into the stack for thread: 0x000000001d462800
RSI=0x000000001f68bfe0 is pointing into the stack for thread: 0x000000001d462800
RDI=0x000000001f68bbf8 is pointing into the stack for thread: 0x000000001d462800
R8 =0x0000000000020000 is an unknown value
R9 =0x0000000000000000 is an unknown value
R10=0x0000000020d12760 is an unknown value
R11=0x0000000000000000 is an unknown value
R12=0x000000001f68bbd8 is pointing into the stack for thread: 0x000000001d462800
R13=0x0000000000000010 is an unknown value
R14=0x00000000202c55a8 is an unknown value
R15=0x0000000000000002 is an unknown value


Stack: [0x000000001f590000,0x000000001f690000],  sp=0x000000001f68bb30,  free space=1006k
Native frames: (J=compiled Java code, j=interpreted, Vv=VM code, C=native code)
V  [jvm.dll+0x49d279]
V  [jvm.dll+0x49f477]
V  [jvm.dll+0x452f28]
V  [jvm.dll+0x454124]
V  [jvm.dll+0x437c62]
V  [jvm.dll+0x988e2]
V  [jvm.dll+0x990d3]
V  [jvm.dll+0x22c194]
V  [jvm.dll+0x28576a]
C  [msvcr100.dll+0x21d9f]
C  [msvcr100.dll+0x21e3b]
C  [kernel32.dll+0x159cd]
C  [ntdll.dll+0x2a561]


Current CompileTask:
C2:   3213 3208       4       java.net.URLClassLoader$1::run (5 bytes)


---------------  P R O C E S S  ---------------

Java Threads: ( => current thread )
  0x000000001d4e6000 JavaThread "Service Thread" daemon [_thread_blocked, id=1424, stack(0x000000001fcb0000,0x000000001fdb0000)]
  0x000000001d48d000 JavaThread "C1 CompilerThread3" daemon [_thread_blocked, id=5764, stack(0x000000001fb50000,0x000000001fc50000)]
=>0x000000001d462800 JavaThread "C2 CompilerThread2" daemon [_thread_in_native, id=7808, stack(0x000000001f590000,0x000000001f690000)]
  0x000000001d459000 JavaThread "C2 CompilerThread1" daemon [_thread_in_native, id=3556, stack(0x000000001f880000,0x000000001f980000)]
  0x000000001d44f000 JavaThread "C2 CompilerThread0" daemon [_thread_in_native, id=5656, stack(0x000000001f6b0000,0x000000001f7b0000)]
  0x000000001d441800 JavaThread "JDWP Command Reader" daemon [_thread_in_native, id=7936, stack(0x000000001f0f0000,0x000000001f1f0000)]
  0x000000001d440800 JavaThread "JDWP Event Helper Thread" daemon [_thread_blocked, id=6348, stack(0x000000001f470000,0x000000001f570000)]
  0x000000001d436000 JavaThread "JDWP Transport Listener: dt_socket" daemon [_thread_blocked, id=7804, stack(0x000000001f280000,0x000000001f380000)]
  0x000000001d427000 JavaThread "Attach Listener" daemon [_thread_blocked, id=7744, stack(0x000000001ec80000,0x000000001ed80000)]
  0x000000001d426000 JavaThread "Signal Dispatcher" daemon [_thread_blocked, id=3728, stack(0x000000001ea90000,0x000000001eb90000)]
  0x000000001c35d000 JavaThread "Finalizer" daemon [_thread_blocked, id=8196, stack(0x000000001e880000,0x000000001e980000)]
  0x000000001c356000 JavaThread "Reference Handler" daemon [_thread_blocked, id=4332, stack(0x000000001e5b0000,0x000000001e6b0000)]
  0x000000000038f000 JavaThread "main" [_thread_in_native, id=7132, stack(0x00000000021f0000,0x00000000022f0000)]

Other Threads:
  0x000000001c34f800 VMThread [stack: 0x000000001e3e0000,0x000000001e4e0000] [id=6924]
  0x000000001d4e7800 WatcherThread [stack: 0x000000001f9e0000,0x000000001fae0000] [id=7648]

VM state:not at safepoint (normal execution)

VM Mutex/Monitor currently owned by a thread: None

Heap:
 PSYoungGen      total 76288K, used 22339K [0x000000076ae00000, 0x0000000770300000, 0x00000007c0000000)
  eden space 65536K, 17% used [0x000000076ae00000,0x000000076b951fe0,0x000000076ee00000)
  from space 10752K, 99% used [0x000000076ee00000,0x000000076f87ee60,0x000000076f880000)
  to   space 10752K, 0% used [0x000000076f880000,0x000000076f880000,0x0000000770300000)
 ParOldGen       total 175104K, used 1375K [0x00000006c0a00000, 0x00000006cb500000, 0x000000076ae00000)
  object space 175104K, 0% used [0x00000006c0a00000,0x00000006c0b57d18,0x00000006cb500000)
 Metaspace       used 18651K, capacity 19218K, committed 19328K, reserved 1067008K
  class space    used 2224K, capacity 2398K, committed 2432K, reserved 1048576K

Card table byte_map: [0x0000000011980000,0x0000000012180000] byte_map_base: 0x000000000e37b000

Marking Bits: (ParMarkBitMap*) 0x000000006c59d4f0
 Begin Bits: [0x00000000131c0000, 0x0000000017198000)
 End Bits:   [0x0000000017198000, 0x000000001b170000)

Polling page: 0x0000000000320000

CodeCache: size=245760Kb used=11527Kb max_used=11544Kb free=234232Kb
 bounds [0x00000000025c0000, 0x0000000003120000, 0x00000000115c0000]
 total_blobs=3611 nmethods=3248 adapters=285
 compilation: enabled

Compilation events (10 events):
Event: 3.152 Thread 0x000000001d48d000 nmethod 3238 0x00000000030f6850 code [0x00000000030f6a00, 0x00000000030f7048]
Event: 3.152 Thread 0x000000001d48d000 3239       3       org.codehaus.plexus.util.introspection.MethodMap::add (44 bytes)
Event: 3.152 Thread 0x000000001d48d000 nmethod 3239 0x00000000030fe050 code [0x00000000030fe220, 0x00000000030fea48]
Event: 3.152 Thread 0x000000001d48d000 3241       3       org.slf4j.impl.SimpleLogger::isLevelEnabled (14 bytes)
Event: 3.152 Thread 0x000000001d459000 nmethod 3235 0x00000000030fedd0 code [0x00000000030fef60, 0x00000000030ff458]
Event: 3.152 Thread 0x000000001d48d000 nmethod 3241 0x00000000030f0050 code [0x00000000030f01a0, 0x00000000030f0350]
Event: 3.152 Thread 0x000000001d48d000 3233       3       com.google.inject.internal.ProvisionListenerCallbackStore::access$000 (6 bytes)
Event: 3.152 Thread 0x000000001d48d000 nmethod 3233 0x00000000030f6490 code [0x00000000030f6600, 0x00000000030f6788]
Event: 3.156 Thread 0x000000001d48d000 3242       3       org.apache.maven.artifact.DefaultArtifact::hashCode (88 bytes)
Event: 3.157 Thread 0x000000001d48d000 nmethod 3242 0x00000000030fd690 code [0x00000000030fd840, 0x00000000030fde68]

GC Heap History (6 events):
Event: 1.344 GC heap before
{Heap before GC invocations=1 (full 0):
 PSYoungGen      total 76288K, used 65536K [0x000000076ae00000, 0x0000000770300000, 0x00000007c0000000)
  eden space 65536K, 100% used [0x000000076ae00000,0x000000076ee00000,0x000000076ee00000)
  from space 10752K, 0% used [0x000000076f880000,0x000000076f880000,0x0000000770300000)
  to   space 10752K, 0% used [0x000000076ee00000,0x000000076ee00000,0x000000076f880000)
 ParOldGen       total 175104K, used 0K [0x00000006c0a00000, 0x00000006cb500000, 0x000000076ae00000)
  object space 175104K, 0% used [0x00000006c0a00000,0x00000006c0a00000,0x00000006cb500000)
 Metaspace       used 11332K, capacity 11546K, committed 11776K, reserved 1058816K
  class space    used 1399K, capacity 1481K, committed 1536K, reserved 1048576K
Event: 1.353 GC heap after
Heap after GC invocations=1 (full 0):
 PSYoungGen      total 76288K, used 9570K [0x000000076ae00000, 0x0000000770300000, 0x00000007c0000000)
  eden space 65536K, 0% used [0x000000076ae00000,0x000000076ae00000,0x000000076ee00000)
  from space 10752K, 89% used [0x000000076ee00000,0x000000076f758b88,0x000000076f880000)
  to   space 10752K, 0% used [0x000000076f880000,0x000000076f880000,0x0000000770300000)
 ParOldGen       total 175104K, used 16K [0x00000006c0a00000, 0x00000006cb500000, 0x000000076ae00000)
  object space 175104K, 0% used [0x00000006c0a00000,0x00000006c0a04000,0x00000006cb500000)
 Metaspace       used 11332K, capacity 11546K, committed 11776K, reserved 1058816K
  class space    used 1399K, capacity 1481K, committed 1536K, reserved 1048576K
}
Event: 2.281 GC heap before
{Heap before GC invocations=2 (full 0):
 PSYoungGen      total 76288K, used 75106K [0x000000076ae00000, 0x0000000770300000, 0x00000007c0000000)
  eden space 65536K, 100% used [0x000000076ae00000,0x000000076ee00000,0x000000076ee00000)
  from space 10752K, 89% used [0x000000076ee00000,0x000000076f758b88,0x000000076f880000)
  to   space 10752K, 0% used [0x000000076f880000,0x000000076f880000,0x0000000770300000)
 ParOldGen       total 175104K, used 16K [0x00000006c0a00000, 0x00000006cb500000, 0x000000076ae00000)
  object space 175104K, 0% used [0x00000006c0a00000,0x00000006c0a04000,0x00000006cb500000)
 Metaspace       used 15332K, capacity 15584K, committed 15744K, reserved 1062912K
  class space    used 1823K, capacity 1914K, committed 1920K, reserved 1048576K
Event: 2.291 GC heap after
Heap after GC invocations=2 (full 0):
 PSYoungGen      total 76288K, used 9633K [0x000000076ae00000, 0x0000000770300000, 0x00000007c0000000)
  eden space 65536K, 0% used [0x000000076ae00000,0x000000076ae00000,0x000000076ee00000)
  from space 10752K, 89% used [0x000000076f880000,0x00000007701e8400,0x0000000770300000)
  to   space 10752K, 0% used [0x000000076ee00000,0x000000076ee00000,0x000000076f880000)
 ParOldGen       total 175104K, used 32K [0x00000006c0a00000, 0x00000006cb500000, 0x000000076ae00000)
  object space 175104K, 0% used [0x00000006c0a00000,0x00000006c0a08000,0x00000006cb500000)
 Metaspace       used 15332K, capacity 15584K, committed 15744K, reserved 1062912K
  class space    used 1823K, capacity 1914K, committed 1920K, reserved 1048576K
}
Event: 3.036 GC heap before
{Heap before GC invocations=3 (full 0):
 PSYoungGen      total 76288K, used 75169K [0x000000076ae00000, 0x0000000770300000, 0x00000007c0000000)
  eden space 65536K, 100% used [0x000000076ae00000,0x000000076ee00000,0x000000076ee00000)
  from space 10752K, 89% used [0x000000076f880000,0x00000007701e8400,0x0000000770300000)
  to   space 10752K, 0% used [0x000000076ee00000,0x000000076ee00000,0x000000076f880000)
 ParOldGen       total 175104K, used 32K [0x00000006c0a00000, 0x00000006cb500000, 0x000000076ae00000)
  object space 175104K, 0% used [0x00000006c0a00000,0x00000006c0a08000,0x00000006cb500000)
 Metaspace       used 17676K, capacity 18220K, committed 18432K, reserved 1064960K
  class space    used 2095K, capacity 2237K, committed 2304K, reserved 1048576K
Event: 3.046 GC heap after
Heap after GC invocations=3 (full 0):
 PSYoungGen      total 76288K, used 10747K [0x000000076ae00000, 0x0000000770300000, 0x00000007c0000000)
  eden space 65536K, 0% used [0x000000076ae00000,0x000000076ae00000,0x000000076ee00000)
  from space 10752K, 99% used [0x000000076ee00000,0x000000076f87ee60,0x000000076f880000)
  to   space 10752K, 0% used [0x000000076f880000,0x000000076f880000,0x0000000770300000)
 ParOldGen       total 175104K, used 1375K [0x00000006c0a00000, 0x00000006cb500000, 0x000000076ae00000)
  object space 175104K, 0% used [0x00000006c0a00000,0x00000006c0b57d18,0x00000006cb500000)
 Metaspace       used 17676K, capacity 18220K, committed 18432K, reserved 1064960K
  class space    used 2095K, capacity 2237K, committed 2304K, reserved 1048576K
}

Deoptimization events (10 events):
Event: 2.905 Thread 0x000000000038f000 Uncommon trap: reason=range_check action=none pc=0x0000000002845424 method=sun.reflect.generics.parser.SignatureParser.current()C @ 34
Event: 2.905 Thread 0x000000000038f000 Uncommon trap: reason=range_check action=none pc=0x0000000002845424 method=sun.reflect.generics.parser.SignatureParser.current()C @ 34
Event: 2.905 Thread 0x000000000038f000 Uncommon trap: reason=range_check action=none pc=0x0000000002845424 method=sun.reflect.generics.parser.SignatureParser.current()C @ 34
Event: 2.906 Thread 0x000000000038f000 Uncommon trap: reason=range_check action=none pc=0x0000000002845424 method=sun.reflect.generics.parser.SignatureParser.current()C @ 34
Event: 2.928 Thread 0x000000000038f000 Uncommon trap: reason=range_check action=none pc=0x0000000002845424 method=sun.reflect.generics.parser.SignatureParser.current()C @ 34
Event: 2.928 Thread 0x000000000038f000 Uncommon trap: reason=range_check action=none pc=0x0000000002845424 method=sun.reflect.generics.parser.SignatureParser.current()C @ 34
Event: 2.929 Thread 0x000000000038f000 Uncommon trap: reason=range_check action=none pc=0x0000000002845424 method=sun.reflect.generics.parser.SignatureParser.current()C @ 34
Event: 2.929 Thread 0x000000000038f000 Uncommon trap: reason=range_check action=none pc=0x0000000002845424 method=sun.reflect.generics.parser.SignatureParser.current()C @ 34
Event: 3.019 Thread 0x000000000038f000 Uncommon trap: reason=bimorphic action=maybe_recompile pc=0x0000000002b68214 method=java.util.regex.Pattern$CharProperty.match(Ljava/util/regex/Matcher;ILjava/lang/CharSequence;)Z @ 37
Event: 3.076 Thread 0x000000000038f000 Uncommon trap: reason=unreached action=reinterpret pc=0x000000000294393c method=java.util.HashMap.hash(Ljava/lang/Object;)I @ 1

Internal exceptions (10 events):
Event: 3.153 Thread 0x000000000038f000 Exception <a 'java/security/PrivilegedActionException'> (0x000000076b220a38) thrown at [C:\workspace\8-2-build-windows-amd64-cygwin\jdk8u31\2394\hotspot\src\share\vm\prims\jvm.cpp, line 1312]
Event: 3.153 Thread 0x000000000038f000 Exception <a 'java/security/PrivilegedActionException'> (0x000000076b227f90) thrown at [C:\workspace\8-2-build-windows-amd64-cygwin\jdk8u31\2394\hotspot\src\share\vm\prims\jvm.cpp, line 1312]
Event: 3.153 Thread 0x000000000038f000 Exception <a 'java/security/PrivilegedActionException'> (0x000000076b228b38) thrown at [C:\workspace\8-2-build-windows-amd64-cygwin\jdk8u31\2394\hotspot\src\share\vm\prims\jvm.cpp, line 1312]
Event: 3.154 Thread 0x000000000038f000 Exception <a 'java/security/PrivilegedActionException'> (0x000000076b22d9f0) thrown at [C:\workspace\8-2-build-windows-amd64-cygwin\jdk8u31\2394\hotspot\src\share\vm\prims\jvm.cpp, line 1312]
Event: 3.155 Thread 0x000000000038f000 Exception <a 'java/security/PrivilegedActionException'> (0x000000076b22e428) thrown at [C:\workspace\8-2-build-windows-amd64-cygwin\jdk8u31\2394\hotspot\src\share\vm\prims\jvm.cpp, line 1312]
Event: 3.155 Thread 0x000000000038f000 Exception <a 'java/security/PrivilegedActionException'> (0x000000076b2376f8) thrown at [C:\workspace\8-2-build-windows-amd64-cygwin\jdk8u31\2394\hotspot\src\share\vm\prims\jvm.cpp, line 1312]
Event: 3.155 Thread 0x000000000038f000 Exception <a 'java/security/PrivilegedActionException'> (0x000000076b238330) thrown at [C:\workspace\8-2-build-windows-amd64-cygwin\jdk8u31\2394\hotspot\src\share\vm\prims\jvm.cpp, line 1312]
Event: 3.156 Thread 0x000000000038f000 Exception <a 'java/security/PrivilegedActionException'> (0x000000076b23baf0) thrown at [C:\workspace\8-2-build-windows-amd64-cygwin\jdk8u31\2394\hotspot\src\share\vm\prims\jvm.cpp, line 1312]
Event: 3.156 Thread 0x000000000038f000 Exception <a 'java/security/PrivilegedActionException'> (0x000000076b23c4c0) thrown at [C:\workspace\8-2-build-windows-amd64-cygwin\jdk8u31\2394\hotspot\src\share\vm\prims\jvm.cpp, line 1312]
Event: 3.157 Thread 0x000000000038f000 Exception <a 'java/security/PrivilegedActionException'> (0x000000076b242940) thrown at [C:\workspace\8-2-build-windows-amd64-cygwin\jdk8u31\2394\hotspot\src\share\vm\prims\jvm.cpp, line 1312]

Events (10 events):
Event: 3.157 Thread 0x000000000038f000 DEOPT PACKING pc=0x0000000002f8229c sp=0x00000000022ecf90
Event: 3.157 Thread 0x000000000038f000 DEOPT UNPACKING pc=0x00000000026071bf sp=0x00000000022ecc18 mode 1
Event: 3.157 loading class org/apache/maven/plugin/war/packaging/WarProjectPackagingTask
Event: 3.157 loading class org/apache/maven/plugin/war/packaging/WarProjectPackagingTask done
Event: 3.157 Thread 0x000000000038f000 DEOPT PACKING pc=0x00000000027b2219 sp=0x00000000022ebeb0
Event: 3.157 Thread 0x000000000038f000 DEOPT UNPACKING pc=0x00000000026071bf sp=0x00000000022ebc20 mode 1
Event: 3.157 Thread 0x000000000038f000 DEOPT PACKING pc=0x000000000277a794 sp=0x00000000022ebf50
Event: 3.157 Thread 0x000000000038f000 DEOPT UNPACKING pc=0x00000000026071bf sp=0x00000000022ebc80 mode 1
Event: 3.157 Thread 0x000000000038f000 DEOPT PACKING pc=0x000000000277b074 sp=0x00000000022ecb30
Event: 3.157 Thread 0x000000000038f000 DEOPT UNPACKING pc=0x00000000026071bf sp=0x00000000022ec878 mode 1


Dynamic libraries:
0x000000013f770000 - 0x000000013f7a4000 	D:\java\jdk1.8.0_31\bin\javaw.exe
0x0000000077880000 - 0x0000000077a2a000 	C:\Windows\SYSTEM32\ntdll.dll
0x0000000077660000 - 0x000000007777f000 	C:\Windows\system32\kernel32.dll
0x000007fefd7d0000 - 0x000007fefd83a000 	C:\Windows\system32\KERNELBASE.dll
0x000007fefe5d0000 - 0x000007fefe6ab000 	C:\Windows\system32\ADVAPI32.dll
0x000007fefe6b0000 - 0x000007fefe74f000 	C:\Windows\system32\msvcrt.dll
0x000007fefe750000 - 0x000007fefe76f000 	C:\Windows\SYSTEM32\sechost.dll
0x000007fefddf0000 - 0x000007fefdf1d000 	C:\Windows\system32\RPCRT4.dll
0x0000000077780000 - 0x000000007787a000 	C:\Windows\system32\USER32.dll
0x000007fefe770000 - 0x000007fefe7d7000 	C:\Windows\system32\GDI32.dll
0x000007fefe2e0000 - 0x000007fefe2ee000 	C:\Windows\system32\LPK.dll
0x000007fefe970000 - 0x000007fefea3b000 	C:\Windows\system32\USP10.dll
0x000007fefbd00000 - 0x000007fefbef4000 	C:\Windows\WinSxS\amd64_microsoft.windows.common-controls_6595b64144ccf1df_6.0.7601.18837_none_fa3b1e3d17594757\COMCTL32.dll
0x000007fefe120000 - 0x000007fefe191000 	C:\Windows\system32\SHLWAPI.dll
0x000007fefda00000 - 0x000007fefda2e000 	C:\Windows\system32\IMM32.DLL
0x000007fefdce0000 - 0x000007fefdde9000 	C:\Windows\system32\MSCTF.dll
0x0000000068960000 - 0x0000000068a32000 	D:\java\jdk1.8.0_31\jre\bin\msvcr100.dll
0x000000006bdc0000 - 0x000000006c61a000 	D:\java\jdk1.8.0_31\jre\bin\server\jvm.dll
0x000007fef6770000 - 0x000007fef6779000 	C:\Windows\system32\WSOCK32.dll
0x000007fefda30000 - 0x000007fefda7d000 	C:\Windows\system32\WS2_32.dll
0x000007feffb80000 - 0x000007feffb88000 	C:\Windows\system32\NSI.dll
0x000007fefacd0000 - 0x000007fefad0b000 	C:\Windows\system32\WINMM.dll
0x0000000077a40000 - 0x0000000077a47000 	C:\Windows\system32\PSAPI.DLL
0x0000000073100000 - 0x000000007310f000 	D:\java\jdk1.8.0_31\jre\bin\verify.dll
0x000000006d430000 - 0x000000006d458000 	D:\java\jdk1.8.0_31\jre\bin\java.dll
0x000000006cbe0000 - 0x000000006cc15000 	D:\java\jdk1.8.0_31\jre\bin\jdwp.dll
0x000000006e070000 - 0x000000006e078000 	D:\java\jdk1.8.0_31\jre\bin\npt.dll
0x000000006d410000 - 0x000000006d426000 	D:\java\jdk1.8.0_31\jre\bin\zip.dll
0x000007fefeb20000 - 0x000007feff8ab000 	C:\Windows\system32\SHELL32.dll
0x000007fefdf20000 - 0x000007fefe11c000 	C:\Windows\system32\ole32.dll
0x000007fefd650000 - 0x000007fefd65f000 	C:\Windows\system32\profapi.dll
0x00000000730d0000 - 0x00000000730d9000 	D:\java\jdk1.8.0_31\jre\bin\dt_socket.dll
0x000007fefafc0000 - 0x000007fefafd5000 	C:\Windows\system32\NLAapi.dll
0x000007fef8f20000 - 0x000007fef8f35000 	C:\Windows\system32\napinsp.dll
0x000007fef8f00000 - 0x000007fef8f19000 	C:\Windows\system32\pnrpnsp.dll
0x000007fefcb30000 - 0x000007fefcb85000 	C:\Windows\System32\mswsock.dll
0x000007fefc9b0000 - 0x000007fefca0b000 	C:\Windows\system32\DNSAPI.dll
0x000007fef8ea0000 - 0x000007fef8eab000 	C:\Windows\System32\winrnr.dll
0x000007fefa150000 - 0x000007fefa177000 	C:\Windows\system32\IPHLPAPI.DLL
0x000007fefa140000 - 0x000007fefa14b000 	C:\Windows\system32\WINNSI.DLL
0x000007fef9910000 - 0x000007fef9963000 	C:\Windows\System32\fwpuclnt.dll
0x000007fef8e90000 - 0x000007fef8e98000 	C:\Windows\system32\rasadhlp.dll
0x000007fefc2f0000 - 0x000007fefc2f7000 	C:\Windows\System32\wshtcpip.dll
0x000000006d3f0000 - 0x000000006d40a000 	D:\java\jdk1.8.0_31\jre\bin\net.dll
0x000007fefcb20000 - 0x000007fefcb27000 	C:\Windows\System32\wship6.dll
0x000000006d370000 - 0x000000006d381000 	D:\java\jdk1.8.0_31\jre\bin\nio.dll
0x000007fef72f0000 - 0x000007fef7415000 	C:\Windows\system32\dbghelp.dll

VM Arguments:
jvm_args: -agentlib:jdwp=transport=dt_socket,suspend=y,address=localhost:52469 -Dmaven.home=EMBEDDED -Dclassworlds.conf=F:\bank\.metadata\.plugins\org.eclipse.m2e.launching\launches\m2conf7638219344019786280.tmp -Dmaven.multiModuleProjectDirectory=F:\workspace\hey-parent\hey-web -Dfile.encoding=UTF-8 
java_command: org.codehaus.plexus.classworlds.launcher.Launcher -B -s D:\apache-maven-3.5.2\conf\settings.xml install
java_class_path (initial): /F:/eclipse/eclipse/plugins/org.eclipse.m2e.maven.runtime_1.7.0.20160603-1931/jars/plexus-classworlds-2.5.2.jar
Launcher Type: SUN_STANDARD

Environment Variables:
PATH=D:\java\jdk1.8.0_31\jre\bin;D:/java/jdk1.8.0_31/bin/../jre/bin/server;D:/java/jdk1.8.0_31/bin/../jre/bin;D:/java/jdk1.8.0_31/bin/../jre/lib/amd64;D:\java\jdk1.8.0_31\bin;G:\mysql-5.7.22-winx64\bin;C:\Windows\system32;C:\Windows;C:\Windows\System32\Wbem;C:\Windows\System32\WindowsPowerShell\v1.0\;F:\eclipse\eclipse;
USERNAME=Administrator
OS=Windows_NT
PROCESSOR_IDENTIFIER=AMD64 Family 23 Model 1 Stepping 1, AuthenticAMD



---------------  S Y S T E M  ---------------

OS: Windows 7 , 64 bit Build 7601 Service Pack 1

CPU:total 8 (8 cores per cpu, 1 threads per core) family 23 model 1 stepping 1, cmov, cx8, fxsr, mmx, sse, sse2, sse3, ssse3, sse4.1, sse4.2, popcnt, avx, avx2, aes, clmul, mmxext, 3dnowpref, lzcnt, sse4a, tsc, tscinvbit, tscinv, bmi1

Memory: 4k page, physical 16729400k(12240100k free), swap 33456940k(28240804k free)

vm_info: Java HotSpot(TM) 64-Bit Server VM (25.31-b07) for windows-amd64 JRE (1.8.0_31-b13), built on Dec 17 2014 21:00:28 by "java_re" with MS VC++ 10.0 (VS2010)

time: Mon May 28 11:23:55 2018
elapsed time: 3 seconds (0d 0h 0m 3s)

